  EquilateralTriangle.cpp
C:\Users\Augusta\Desktop\ITVDN\C++\+Netology\BuildingAndConnectingLibraries\Task_4_HierarchyClassInDLL\Task_4_HierarchyClassInDLL\EquilateralTriangle.cpp(3,27): warning C4273: EquilateralTriangle::printFigure: несовместимое связывание dll
C:\Users\Augusta\Desktop\ITVDN\C++\+Netology\BuildingAndConnectingLibraries\Task_4_HierarchyClassInDLL\Task_4_HierarchyClassInDLL\EquilateralTriangle.h(7,34): message : см. предыдущее определение "printFigure"
C:\Users\Augusta\Desktop\ITVDN\C++\+Netology\BuildingAndConnectingLibraries\Task_4_HierarchyClassInDLL\Task_4_HierarchyClassInDLL\EquilateralTriangle.cpp(8,22): warning C4273: EquilateralTriangle::EquilateralTriangle: несовместимое связывание dll
C:\Users\Augusta\Desktop\ITVDN\C++\+Netology\BuildingAndConnectingLibraries\Task_4_HierarchyClassInDLL\Task_4_HierarchyClassInDLL\EquilateralTriangle.h(8,5): message : см. предыдущее определение "{ctor}"
  IsoscelesTriangle.cpp
C:\Users\Augusta\Desktop\ITVDN\C++\+Netology\BuildingAndConnectingLibraries\Task_4_HierarchyClassInDLL\Task_4_HierarchyClassInDLL\IsoscelesTriangle.cpp(4,29): warning C4273: IsoscelesTriangle::printFigure: несовместимое связывание dll
C:\Users\Augusta\Desktop\ITVDN\C++\+Netology\BuildingAndConnectingLibraries\Task_4_HierarchyClassInDLL\Task_4_HierarchyClassInDLL\IsoscelesTriangle.h(7,34): message : см. предыдущее определение "printFigure"
C:\Users\Augusta\Desktop\ITVDN\C++\+Netology\BuildingAndConnectingLibraries\Task_4_HierarchyClassInDLL\Task_4_HierarchyClassInDLL\IsoscelesTriangle.cpp(9,24): warning C4273: IsoscelesTriangle::IsoscelesTriangle: несовместимое связывание dll
C:\Users\Augusta\Desktop\ITVDN\C++\+Netology\BuildingAndConnectingLibraries\Task_4_HierarchyClassInDLL\Task_4_HierarchyClassInDLL\IsoscelesTriangle.h(8,5): message : см. предыдущее определение "{ctor}"
  Parallelogram.cpp
C:\Users\Augusta\Desktop\ITVDN\C++\+Netology\BuildingAndConnectingLibraries\Task_4_HierarchyClassInDLL\Task_4_HierarchyClassInDLL\Parallelogram.cpp(3,21): warning C4273: Parallelogram::printFigure: несовместимое связывание dll
C:\Users\Augusta\Desktop\ITVDN\C++\+Netology\BuildingAndConnectingLibraries\Task_4_HierarchyClassInDLL\Task_4_HierarchyClassInDLL\Parallelogram.h(7,34): message : см. предыдущее определение "printFigure"
C:\Users\Augusta\Desktop\ITVDN\C++\+Netology\BuildingAndConnectingLibraries\Task_4_HierarchyClassInDLL\Task_4_HierarchyClassInDLL\Parallelogram.cpp(8,16): warning C4273: Parallelogram::Parallelogram: несовместимое связывание dll
C:\Users\Augusta\Desktop\ITVDN\C++\+Netology\BuildingAndConnectingLibraries\Task_4_HierarchyClassInDLL\Task_4_HierarchyClassInDLL\Parallelogram.h(8,5): message : см. предыдущее определение "{ctor}"
  Quadrilateral.cpp
C:\Users\Augusta\Desktop\ITVDN\C++\+Netology\BuildingAndConnectingLibraries\Task_4_HierarchyClassInDLL\Task_4_HierarchyClassInDLL\Quadrilateral.cpp(3,28): warning C4273: Quadrilateral::get_name: несовместимое связывание dll
C:\Users\Augusta\Desktop\ITVDN\C++\+Netology\BuildingAndConnectingLibraries\Task_4_HierarchyClassInDLL\Task_4_HierarchyClassInDLL\Quadrilateral.h(13,41): message : см. предыдущее определение "get_name"
C:\Users\Augusta\Desktop\ITVDN\C++\+Netology\BuildingAndConnectingLibraries\Task_4_HierarchyClassInDLL\Task_4_HierarchyClassInDLL\Quadrilateral.cpp(6,20): warning C4273: Quadrilateral::get_sides: несовместимое связывание dll
C:\Users\Augusta\Desktop\ITVDN\C++\+Netology\BuildingAndConnectingLibraries\Task_4_HierarchyClassInDLL\Task_4_HierarchyClassInDLL\Quadrilateral.h(14,33): message : см. предыдущее определение "get_sides"
C:\Users\Augusta\Desktop\ITVDN\C++\+Netology\BuildingAndConnectingLibraries\Task_4_HierarchyClassInDLL\Task_4_HierarchyClassInDLL\Quadrilateral.cpp(9,16): warning C4273: Quadrilateral::Quadrilateral: несовместимое связывание dll
C:\Users\Augusta\Desktop\ITVDN\C++\+Netology\BuildingAndConnectingLibraries\Task_4_HierarchyClassInDLL\Task_4_HierarchyClassInDLL\Quadrilateral.h(15,5): message : см. предыдущее определение "{ctor}"
  Rectangle.cpp
C:\Users\Augusta\Desktop\ITVDN\C++\+Netology\BuildingAndConnectingLibraries\Task_4_HierarchyClassInDLL\Task_4_HierarchyClassInDLL\Rectangle.cpp(3,17): warning C4273: Rectangle::printFigure: несовместимое связывание dll
C:\Users\Augusta\Desktop\ITVDN\C++\+Netology\BuildingAndConnectingLibraries\Task_4_HierarchyClassInDLL\Task_4_HierarchyClassInDLL\Rectangle.h(8,34): message : см. предыдущее определение "printFigure"
C:\Users\Augusta\Desktop\ITVDN\C++\+Netology\BuildingAndConnectingLibraries\Task_4_HierarchyClassInDLL\Task_4_HierarchyClassInDLL\Rectangle.cpp(8,12): warning C4273: Rectangle::Rectangle: несовместимое связывание dll
C:\Users\Augusta\Desktop\ITVDN\C++\+Netology\BuildingAndConnectingLibraries\Task_4_HierarchyClassInDLL\Task_4_HierarchyClassInDLL\Rectangle.h(9,5): message : см. предыдущее определение "{ctor}"
  RectangularTriangle.cpp
C:\Users\Augusta\Desktop\ITVDN\C++\+Netology\BuildingAndConnectingLibraries\Task_4_HierarchyClassInDLL\Task_4_HierarchyClassInDLL\RectangularTriangle.cpp(3,27): warning C4273: RectangularTriangle::printFigure: несовместимое связывание dll
C:\Users\Augusta\Desktop\ITVDN\C++\+Netology\BuildingAndConnectingLibraries\Task_4_HierarchyClassInDLL\Task_4_HierarchyClassInDLL\RectangularTriangle.h(7,34): message : см. предыдущее определение "printFigure"
C:\Users\Augusta\Desktop\ITVDN\C++\+Netology\BuildingAndConnectingLibraries\Task_4_HierarchyClassInDLL\Task_4_HierarchyClassInDLL\RectangularTriangle.cpp(8,22): warning C4273: RectangularTriangle::RectangularTriangle: несовместимое связывание dll
C:\Users\Augusta\Desktop\ITVDN\C++\+Netology\BuildingAndConnectingLibraries\Task_4_HierarchyClassInDLL\Task_4_HierarchyClassInDLL\RectangularTriangle.h(8,5): message : см. предыдущее определение "{ctor}"
  Rhomb.cpp
C:\Users\Augusta\Desktop\ITVDN\C++\+Netology\BuildingAndConnectingLibraries\Task_4_HierarchyClassInDLL\Task_4_HierarchyClassInDLL\Rhomb.cpp(4,13): warning C4273: Rhomb::printFigure: несовместимое связывание dll
C:\Users\Augusta\Desktop\ITVDN\C++\+Netology\BuildingAndConnectingLibraries\Task_4_HierarchyClassInDLL\Task_4_HierarchyClassInDLL\Rhomb.h(7,34): message : см. предыдущее определение "printFigure"
C:\Users\Augusta\Desktop\ITVDN\C++\+Netology\BuildingAndConnectingLibraries\Task_4_HierarchyClassInDLL\Task_4_HierarchyClassInDLL\Rhomb.cpp(9,8): warning C4273: Rhomb::Rhomb: несовместимое связывание dll
C:\Users\Augusta\Desktop\ITVDN\C++\+Netology\BuildingAndConnectingLibraries\Task_4_HierarchyClassInDLL\Task_4_HierarchyClassInDLL\Rhomb.h(8,5): message : см. предыдущее определение "{ctor}"
  Shapes.cpp
C:\Users\Augusta\Desktop\ITVDN\C++\+Netology\BuildingAndConnectingLibraries\Task_4_HierarchyClassInDLL\Task_4_HierarchyClassInDLL\Shapes.cpp(4,21): warning C4273: Shapes::get_name: несовместимое связывание dll
C:\Users\Augusta\Desktop\ITVDN\C++\+Netology\BuildingAndConnectingLibraries\Task_4_HierarchyClassInDLL\Task_4_HierarchyClassInDLL\Shapes.h(12,49): message : см. предыдущее определение "get_name"
C:\Users\Augusta\Desktop\ITVDN\C++\+Netology\BuildingAndConnectingLibraries\Task_4_HierarchyClassInDLL\Task_4_HierarchyClassInDLL\Shapes.cpp(7,13): warning C4273: Shapes::get_sides: несовместимое связывание dll
C:\Users\Augusta\Desktop\ITVDN\C++\+Netology\BuildingAndConnectingLibraries\Task_4_HierarchyClassInDLL\Task_4_HierarchyClassInDLL\Shapes.h(13,41): message : см. предыдущее определение "get_sides"
C:\Users\Augusta\Desktop\ITVDN\C++\+Netology\BuildingAndConnectingLibraries\Task_4_HierarchyClassInDLL\Task_4_HierarchyClassInDLL\Shapes.cpp(10,9): warning C4273: Shapes::Shapes: несовместимое связывание dll
C:\Users\Augusta\Desktop\ITVDN\C++\+Netology\BuildingAndConnectingLibraries\Task_4_HierarchyClassInDLL\Task_4_HierarchyClassInDLL\Shapes.h(14,5): message : см. предыдущее определение "{ctor}"
C:\Users\Augusta\Desktop\ITVDN\C++\+Netology\BuildingAndConnectingLibraries\Task_4_HierarchyClassInDLL\Task_4_HierarchyClassInDLL\Shapes.cpp(14,14): warning C4273: Shapes::printFigure: несовместимое связывание dll
C:\Users\Augusta\Desktop\ITVDN\C++\+Netology\BuildingAndConnectingLibraries\Task_4_HierarchyClassInDLL\Task_4_HierarchyClassInDLL\Shapes.h(15,42): message : см. предыдущее определение "printFigure"
  Square.cpp
C:\Users\Augusta\Desktop\ITVDN\C++\+Netology\BuildingAndConnectingLibraries\Task_4_HierarchyClassInDLL\Task_4_HierarchyClassInDLL\Square.cpp(4,14): warning C4273: Square::printFigure: несовместимое связывание dll
C:\Users\Augusta\Desktop\ITVDN\C++\+Netology\BuildingAndConnectingLibraries\Task_4_HierarchyClassInDLL\Task_4_HierarchyClassInDLL\Square.h(7,34): message : см. предыдущее определение "printFigure"
C:\Users\Augusta\Desktop\ITVDN\C++\+Netology\BuildingAndConnectingLibraries\Task_4_HierarchyClassInDLL\Task_4_HierarchyClassInDLL\Square.cpp(9,9): warning C4273: Square::Square: несовместимое связывание dll
C:\Users\Augusta\Desktop\ITVDN\C++\+Netology\BuildingAndConnectingLibraries\Task_4_HierarchyClassInDLL\Task_4_HierarchyClassInDLL\Square.h(8,5): message : см. предыдущее определение "{ctor}"
  Triangle.cpp
C:\Users\Augusta\Desktop\ITVDN\C++\+Netology\BuildingAndConnectingLibraries\Task_4_HierarchyClassInDLL\Task_4_HierarchyClassInDLL\Triangle.cpp(3,23): warning C4273: Triangle::get_name: несовместимое связывание dll
C:\Users\Augusta\Desktop\ITVDN\C++\+Netology\BuildingAndConnectingLibraries\Task_4_HierarchyClassInDLL\Task_4_HierarchyClassInDLL\Triangle.h(13,41): message : см. предыдущее определение "get_name"
C:\Users\Augusta\Desktop\ITVDN\C++\+Netology\BuildingAndConnectingLibraries\Task_4_HierarchyClassInDLL\Task_4_HierarchyClassInDLL\Triangle.cpp(6,15): warning C4273: Triangle::get_sides: несовместимое связывание dll
C:\Users\Augusta\Desktop\ITVDN\C++\+Netology\BuildingAndConnectingLibraries\Task_4_HierarchyClassInDLL\Task_4_HierarchyClassInDLL\Triangle.h(14,33): message : см. предыдущее определение "get_sides"
C:\Users\Augusta\Desktop\ITVDN\C++\+Netology\BuildingAndConnectingLibraries\Task_4_HierarchyClassInDLL\Task_4_HierarchyClassInDLL\Triangle.cpp(9,11): warning C4273: Triangle::Triangle: несовместимое связывание dll
C:\Users\Augusta\Desktop\ITVDN\C++\+Netology\BuildingAndConnectingLibraries\Task_4_HierarchyClassInDLL\Task_4_HierarchyClassInDLL\Triangle.h(15,5): message : см. предыдущее определение "{ctor}"
  Создание кода...
     Создается библиотека C:\Users\Augusta\Desktop\ITVDN\C++\+Netology\BuildingAndConnectingLibraries\Task_4_HierarchyClassInDLL\x64\Debug\Task_4_HierarchyClassInDLL.lib и объект C:\Users\Augusta\Desktop\ITVDN\C++\+Netology\BuildingAndConnectingLibraries\Task_4_HierarchyClassInDLL\x64\Debug\Task_4_HierarchyClassInDLL.exp
LINK : warning LNK4217: Символ "??0Triangle@@QEAA@XZ (public: __cdecl Triangle::Triangle(void))", определенный в "Triangle.obj", импортирован "EquilateralTriangle.obj" в функции ""public: __cdecl EquilateralTriangle::EquilateralTriangle(int)" (??0EquilateralTriangle@@QEAA@H@Z)".
LINK : warning LNK4217: Символ "??0Triangle@@QEAA@XZ (public: __cdecl Triangle::Triangle(void))", определенный в "Triangle.obj", импортирован "IsoscelesTriangle.obj" в функции ""public: __cdecl IsoscelesTriangle::IsoscelesTriangle(int,int,int,int,int)" (??0IsoscelesTriangle@@QEAA@HHHHH@Z)".
LINK : warning LNK4217: Символ "??0Triangle@@QEAA@XZ (public: __cdecl Triangle::Triangle(void))", определенный в "Triangle.obj", импортирован "RectangularTriangle.obj" в функции ""public: __cdecl RectangularTriangle::RectangularTriangle(int,int,int,int,int)" (??0RectangularTriangle@@QEAA@HHHHH@Z)".
LINK : warning LNK4217: Символ "??0Quadrilateral@@QEAA@XZ (public: __cdecl Quadrilateral::Quadrilateral(void))", определенный в "Quadrilateral.obj", импортирован "Parallelogram.obj" в функции ""public: __cdecl Parallelogram::Parallelogram(int,int,int,int)" (??0Parallelogram@@QEAA@HHHH@Z)".
LINK : warning LNK4217: Символ "??0Quadrilateral@@QEAA@XZ (public: __cdecl Quadrilateral::Quadrilateral(void))", определенный в "Quadrilateral.obj", импортирован "Rectangle.obj" в функции ""public: __cdecl Rectangle::Rectangle(int,int)" (??0Rectangle@@QEAA@HH@Z)".
LINK : warning LNK4217: Символ "??0Quadrilateral@@QEAA@XZ (public: __cdecl Quadrilateral::Quadrilateral(void))", определенный в "Quadrilateral.obj", импортирован "Rhomb.obj" в функции ""public: __cdecl Rhomb::Rhomb(int,int,int,int,int,int)" (??0Rhomb@@QEAA@HHHHHH@Z)".
LINK : warning LNK4217: Символ "??0Quadrilateral@@QEAA@XZ (public: __cdecl Quadrilateral::Quadrilateral(void))", определенный в "Quadrilateral.obj", импортирован "Square.obj" в функции ""public: __cdecl Square::Square(int)" (??0Square@@QEAA@H@Z)".
LINK : warning LNK4217: Символ "??0Shapes@@QEAA@XZ (public: __cdecl Shapes::Shapes(void))", определенный в "Shapes.obj", импортирован "Quadrilateral.obj" в функции ""public: __cdecl Quadrilateral::Quadrilateral(void)" (??0Quadrilateral@@QEAA@XZ)".
LINK : warning LNK4217: Символ "??0Shapes@@QEAA@XZ (public: __cdecl Shapes::Shapes(void))", определенный в "Shapes.obj", импортирован "Triangle.obj" в функции ""public: __cdecl Triangle::Triangle(void)" (??0Triangle@@QEAA@XZ)".
  Task_4_HierarchyClassInDLL.vcxproj -> C:\Users\Augusta\Desktop\ITVDN\C++\+Netology\BuildingAndConnectingLibraries\Task_4_HierarchyClassInDLL\x64\Debug\Task_4_HierarchyClassInDLL.dll
